<?xml version="1.0" encoding="UTF-8"?>
<testsuite xmlns:xsi="http://www.w3.org/2001/XMLSchema-instance" xsi:noNamespaceSchemaLocation="https://maven.apache.org/surefire/maven-surefire-plugin/xsd/surefire-test-report-3.0.xsd" version="3.0" name="org.example.JPATest" time="0.596" tests="1" errors="0" skipped="0" failures="0">
  <properties>
    <property name="java.specification.version" value="18"/>
    <property name="sun.cpu.isalist" value="amd64"/>
    <property name="sun.jnu.encoding" value="Cp1252"/>
    <property name="java.class.path" value="C:\Users\Akshay\IdeaProjects\SYSC4806\_4806 Lab 2\target\test-classes;C:\Users\Akshay\IdeaProjects\SYSC4806\_4806 Lab 2\target\classes;C:\Users\Akshay\.m2\repository\junit\junit\4.13.1\junit-4.13.1.jar;C:\Users\Akshay\.m2\repository\org\hamcrest\hamcrest-core\1.3\hamcrest-core-1.3.jar;C:\Users\Akshay\.m2\repository\org\junit\jupiter\junit-jupiter\5.8.1\junit-jupiter-5.8.1.jar;C:\Users\Akshay\.m2\repository\org\junit\jupiter\junit-jupiter-api\5.8.1\junit-jupiter-api-5.8.1.jar;C:\Users\Akshay\.m2\repository\org\opentest4j\opentest4j\1.2.0\opentest4j-1.2.0.jar;C:\Users\Akshay\.m2\repository\org\junit\platform\junit-platform-commons\1.8.1\junit-platform-commons-1.8.1.jar;C:\Users\Akshay\.m2\repository\org\apiguardian\apiguardian-api\1.1.2\apiguardian-api-1.1.2.jar;C:\Users\Akshay\.m2\repository\org\junit\jupiter\junit-jupiter-params\5.8.1\junit-jupiter-params-5.8.1.jar;C:\Users\Akshay\.m2\repository\org\junit\jupiter\junit-jupiter-engine\5.8.1\junit-jupiter-engine-5.8.1.jar;C:\Users\Akshay\.m2\repository\org\junit\platform\junit-platform-engine\1.8.1\junit-platform-engine-1.8.1.jar;C:\Users\Akshay\.m2\repository\org\eclipse\persistence\javax.persistence\2.1.0\javax.persistence-2.1.0.jar;C:\Users\Akshay\.m2\repository\org\eclipse\persistence\org.eclipse.persistence.jpa\2.5.0\org.eclipse.persistence.jpa-2.5.0.jar;C:\Users\Akshay\.m2\repository\org\eclipse\persistence\org.eclipse.persistence.asm\2.5.0\org.eclipse.persistence.asm-2.5.0.jar;C:\Users\Akshay\.m2\repository\org\eclipse\persistence\org.eclipse.persistence.antlr\2.5.0\org.eclipse.persistence.antlr-2.5.0.jar;C:\Users\Akshay\.m2\repository\org\eclipse\persistence\org.eclipse.persistence.jpa.jpql\2.5.0\org.eclipse.persistence.jpa.jpql-2.5.0.jar;C:\Users\Akshay\.m2\repository\org\eclipse\persistence\org.eclipse.persistence.core\2.5.0\org.eclipse.persistence.core-2.5.0.jar;C:\Users\Akshay\.m2\repository\org\xerial\sqlite-jdbc\3.7.2\sqlite-jdbc-3.7.2.jar;"/>
    <property name="java.vm.vendor" value="Oracle Corporation"/>
    <property name="sun.arch.data.model" value="64"/>
    <property name="user.variant" value=""/>
    <property name="java.vendor.url" value="https://java.oracle.com/"/>
    <property name="user.timezone" value="America/Toronto"/>
    <property name="os.name" value="Windows 11"/>
    <property name="java.vm.specification.version" value="18"/>
    <property name="sun.java.launcher" value="SUN_STANDARD"/>
    <property name="user.country" value="CA"/>
    <property name="sun.boot.library.path" value="C:\Users\Akshay\.jdks\openjdk-18.0.2.1\bin"/>
    <property name="sun.java.command" value="C:\Users\Akshay\AppData\Local\Temp\surefire15683466922357916751\surefirebooter-20230918114014888_3.jar C:\Users\Akshay\AppData\Local\Temp\surefire15683466922357916751 2023-09-18T11-40-14_780-jvmRun1 surefire-20230918114014888_1tmp surefire_0-20230918114014888_2tmp"/>
    <property name="jdk.debug" value="release"/>
    <property name="surefire.test.class.path" value="C:\Users\Akshay\IdeaProjects\SYSC4806\_4806 Lab 2\target\test-classes;C:\Users\Akshay\IdeaProjects\SYSC4806\_4806 Lab 2\target\classes;C:\Users\Akshay\.m2\repository\junit\junit\4.13.1\junit-4.13.1.jar;C:\Users\Akshay\.m2\repository\org\hamcrest\hamcrest-core\1.3\hamcrest-core-1.3.jar;C:\Users\Akshay\.m2\repository\org\junit\jupiter\junit-jupiter\5.8.1\junit-jupiter-5.8.1.jar;C:\Users\Akshay\.m2\repository\org\junit\jupiter\junit-jupiter-api\5.8.1\junit-jupiter-api-5.8.1.jar;C:\Users\Akshay\.m2\repository\org\opentest4j\opentest4j\1.2.0\opentest4j-1.2.0.jar;C:\Users\Akshay\.m2\repository\org\junit\platform\junit-platform-commons\1.8.1\junit-platform-commons-1.8.1.jar;C:\Users\Akshay\.m2\repository\org\apiguardian\apiguardian-api\1.1.2\apiguardian-api-1.1.2.jar;C:\Users\Akshay\.m2\repository\org\junit\jupiter\junit-jupiter-params\5.8.1\junit-jupiter-params-5.8.1.jar;C:\Users\Akshay\.m2\repository\org\junit\jupiter\junit-jupiter-engine\5.8.1\junit-jupiter-engine-5.8.1.jar;C:\Users\Akshay\.m2\repository\org\junit\platform\junit-platform-engine\1.8.1\junit-platform-engine-1.8.1.jar;C:\Users\Akshay\.m2\repository\org\eclipse\persistence\javax.persistence\2.1.0\javax.persistence-2.1.0.jar;C:\Users\Akshay\.m2\repository\org\eclipse\persistence\org.eclipse.persistence.jpa\2.5.0\org.eclipse.persistence.jpa-2.5.0.jar;C:\Users\Akshay\.m2\repository\org\eclipse\persistence\org.eclipse.persistence.asm\2.5.0\org.eclipse.persistence.asm-2.5.0.jar;C:\Users\Akshay\.m2\repository\org\eclipse\persistence\org.eclipse.persistence.antlr\2.5.0\org.eclipse.persistence.antlr-2.5.0.jar;C:\Users\Akshay\.m2\repository\org\eclipse\persistence\org.eclipse.persistence.jpa.jpql\2.5.0\org.eclipse.persistence.jpa.jpql-2.5.0.jar;C:\Users\Akshay\.m2\repository\org\eclipse\persistence\org.eclipse.persistence.core\2.5.0\org.eclipse.persistence.core-2.5.0.jar;C:\Users\Akshay\.m2\repository\org\xerial\sqlite-jdbc\3.7.2\sqlite-jdbc-3.7.2.jar;"/>
    <property name="sun.cpu.endian" value="little"/>
    <property name="user.home" value="C:\Users\Akshay"/>
    <property name="user.language" value="en"/>
    <property name="java.specification.vendor" value="Oracle Corporation"/>
    <property name="java.version.date" value="2022-08-18"/>
    <property name="java.home" value="C:\Users\Akshay\.jdks\openjdk-18.0.2.1"/>
    <property name="file.separator" value="\"/>
    <property name="basedir" value="C:\Users\Akshay\IdeaProjects\SYSC4806\_4806 Lab 2"/>
    <property name="java.vm.compressedOopsMode" value="Zero based"/>
    <property name="line.separator" value="&#10;"/>
    <property name="java.vm.specification.vendor" value="Oracle Corporation"/>
    <property name="java.specification.name" value="Java Platform API Specification"/>
    <property name="surefire.real.class.path" value="C:\Users\Akshay\AppData\Local\Temp\surefire15683466922357916751\surefirebooter-20230918114014888_3.jar"/>
    <property name="user.script" value=""/>
    <property name="sun.management.compiler" value="HotSpot 64-Bit Tiered Compilers"/>
    <property name="java.runtime.version" value="18.0.2.1+1-1"/>
    <property name="user.name" value="Akshay"/>
    <property name="path.separator" value=";"/>
    <property name="os.version" value="10.0"/>
    <property name="java.runtime.name" value="OpenJDK Runtime Environment"/>
    <property name="file.encoding" value="UTF-8"/>
    <property name="java.vm.name" value="OpenJDK 64-Bit Server VM"/>
    <property name="localRepository" value="C:\Users\Akshay\.m2\repository"/>
    <property name="java.vendor.url.bug" value="https://bugreport.java.com/bugreport/"/>
    <property name="java.io.tmpdir" value="C:\Users\Akshay\AppData\Local\Temp\"/>
    <property name="idea.version" value="2023.2.1"/>
    <property name="java.version" value="18.0.2.1"/>
    <property name="user.dir" value="C:\Users\Akshay\IdeaProjects\SYSC4806\_4806 Lab 2"/>
    <property name="os.arch" value="amd64"/>
    <property name="java.vm.specification.name" value="Java Virtual Machine Specification"/>
    <property name="sun.os.patch.level" value=""/>
    <property name="native.encoding" value="Cp1252"/>
    <property name="java.library.path" value="C:\Users\Akshay\.jdks\openjdk-18.0.2.1\bin;C:\WINDOWS\Sun\Java\bin;C:\WINDOWS\system32;C:\WINDOWS;C:\Program Files\Common Files\Oracle\Java\javapath;C:\Program Files\Microsoft MPI\Bin\;C:\Program Files (x86)\Common Files\Oracle\Java\javapath;C:\Program Files (x86)\Razer Chroma SDK\bin;C:\Program Files\Razer Chroma SDK\bin;C:\Program Files (x86)\Razer\ChromaBroadcast\bin;C:\Program Files\Razer\ChromaBroadcast\bin;C:\Windows\system32;C:\Windows;C:\Windows\System32\Wbem;C:\Windows\System32\WindowsPowerShell\v1.0\;C:\Windows\System32\OpenSSH\;C:\Program Files\NVIDIA Corporation\NVIDIA NvDLISR;C:\Program Files (x86)\NVIDIA Corporation\PhysX\Common;C:\Windows\system32\config\systemprofile\AppData\Local\Microsoft\WindowsApps;C:\Users\Akshay\AppData\Local\Microsoft\WindowsApps;C:\WINDOWS\system32;C:\WINDOWS;C:\WINDOWS\System32\Wbem;C:\WINDOWS\System32\WindowsPowerShell\v1.0\;C:\WINDOWS\System32\OpenSSH\;C:\Program Files\Git\cmd;C:\Program Files (x86)\Microsoft SQL Server\160\DTS\Binn\;C:\Program Files\Azure Data Studio\bin;C:\Program Files (x86)\Microsoft SQL Server\160\Tools\Binn\;C:\Program Files\Microsoft SQL Server\160\Tools\Binn\;C:\Program Files\Microsoft SQL Server\Client SDK\ODBC\170\Tools\Binn\;C:\Program Files\Microsoft SQL Server\160\DTS\Binn\;C:\Program Files\nodejs\;C:\Program Files\Git LFS;C:\Program Files\dotnet\;C:\Program Files\Java\jdk-18.0.2.1\bin;C:\Program Files\Microsoft MPI\Bin\;C:\Program Files (x86)\Common Files\Oracle\Java\javapath;C:\Program Files (x86)\Razer Chroma SDK\bin;C:\Program Files\Razer Chroma SDK\bin;C:\Program Files (x86)\Razer\ChromaBroadcast\bin;C:\Program Files\Razer\ChromaBroadcast\bin;C:\Windows\system32;C:\Windows;C:\Windows\System32\Wbem;C:\Windows\System32\WindowsPowerShell\v1.0\;C:\Windows\System32\OpenSSH\;C:\Program Files\NVIDIA Corporation\NVIDIA NvDLISR;C:\Program Files (x86)\NVIDIA Corporation\PhysX\Common;C:\Windows\system32\config\systemprofile\AppData\Local\Microsoft\WindowsApps;C:\Users\Akshay\AppData\Local\Microsoft\WindowsApps;C:\WINDOWS\system32;C:\WINDOWS;C:\WINDOWS\System32\Wbem;C:\WINDOWS\System32\WindowsPowerShell\v1.0\;C:\WINDOWS\System32\OpenSSH\;C:\Program Files\Git\cmd;C:\Program Files (x86)\Microsoft SQL Server\160\DTS\Binn\;C:\Program Files\Azure Data Studio\bin;C:\Program Files (x86)\Microsoft SQL Server\160\Tools\Binn\;C:\Program Files\Microsoft SQL Server\160\Tools\Binn\;C:\Program Files\Microsoft S;C:\Users\Akshay\AppData\Local\Programs\Microsoft VS Code\bin;C:\Users\Akshay\AppData\Roaming\npm;."/>
    <property name="java.vm.info" value="mixed mode, sharing"/>
    <property name="java.vendor" value="Oracle Corporation"/>
    <property name="java.vm.version" value="18.0.2.1+1-1"/>
    <property name="sun.io.unicode.encoding" value="UnicodeLittle"/>
    <property name="java.class.version" value="62.0"/>
  </properties>
  <testcase name="performJPABuddyInfo" classname="org.example.JPATest" time="0.595">
    <system-out><![CDATA[[EL Info]: 2023-09-18 11:40:15.639--ServerSession(746115872)--EclipseLink, version: Eclipse Persistence Services - 2.5.0.v20130507-3faac2b
[EL Info]: connection: 2023-09-18 11:40:15.7--Not able to detect platform for vendor name [SQLite3]. Defaulting to [org.eclipse.persistence.platform.database.DatabasePlatform]. The database dialect used may not match with the database you are using. Please explicitly provide a platform using property eclipselink.platform.class.name.
[EL Info]: connection: 2023-09-18 11:40:15.725--ServerSession(746115872)--file:/C:/Users/Akshay/IdeaProjects/SYSC4806/_4806 Lab 2/target/classes/_jpa-test login successful
[EL Warning]: 2023-09-18 11:40:15.748--ServerSession(746115872)--Exception [EclipseLink-4002] (Eclipse Persistence Services - 2.5.0.v20130507-3faac2b): org.eclipse.persistence.exceptions.DatabaseException
Internal Exception: java.sql.SQLException: [SQLITE_ERROR] SQL error or missing database (near "CONSTRAINT": syntax error)
Error Code: 0
Call: ALTER TABLE ADDRESSBOOK_BUDDYINFO ADD CONSTRAINT FK_ADDRESSBOOK_BUDDYINFO_AddressBook_ID FOREIGN KEY (AddressBook_ID) REFERENCES ADDRESSBOOK (ID)
Query: DataModifyQuery(sql="ALTER TABLE ADDRESSBOOK_BUDDYINFO ADD CONSTRAINT FK_ADDRESSBOOK_BUDDYINFO_AddressBook_ID FOREIGN KEY (AddressBook_ID) REFERENCES ADDRESSBOOK (ID)")
List of BuddyInfos
----------------
Jamal (id=2)
Tennis racket (id=1)

List of AddressBooks
----------------
(id=1)
[EL Info]: connection: 2023-09-18 11:40:15.899--ServerSession(746115872)--file:/C:/Users/Akshay/IdeaProjects/SYSC4806/_4806 Lab 2/target/classes/_jpa-test logout successful
]]></system-out>
  </testcase>
</testsuite>